class_map
10
Bar
9
initializer
h
Int
37
Int
integer
1
initializer
g
Foo
39
Foo
case
39
SELF_TYPE
identifier
39
self
4
40
n
40
Bazz
40
Foo
new
40
Foo
41
n
41
Razz
41
Bar
new
41
Bar
42
n
42
Foo
42
Razz
new
42
Razz
43
n
43
Bar
43
Bar
identifier
43
n
initializer
i
Object
46
Int
self_dispatch
46
printh
0
initializer
a
Razz
4
Razz
case
4
SELF_TYPE
identifier
4
self
3
5
n
5
Razz
5
Bar
new
5
Bar
6
n
6
Foo
6
Razz
new
6
Razz
7
n
7
Bar
7
Bar
identifier
7
n
initializer
b
Int
10
Int
plus
10
Int
plus
10
Int
plus
10
Int
dynamic_dispatch
10
Razz
identifier
10
a
10
doh
0
10
Int
dynamic_dispatch
10
Foo
identifier
10
g
10
doh
0
10
Int
self_dispatch
10
doh
0
10
Int
self_dispatch
10
printh
0
initializer
e
Bar
26
Bar
case
26
SELF_TYPE
identifier
26
self
2
27
n
27
Razz
27
Bar
new
27
Bar
28
n
28
Bar
28
Bar
identifier
28
n
initializer
f
Int
31
Int
plus
31
Int
plus
31
Int
plus
31
Int
plus
31
Int
static_dispatch
31
Razz
identifier
31
a
31
Bazz
31
doh
0
31
Int
dynamic_dispatch
31
Foo
identifier
31
g
31
doh
0
31
Int
dynamic_dispatch
31
Bar
identifier
31
e
31
doh
0
31
Int
self_dispatch
31
doh
0
31
Int
self_dispatch
31
printh
0
initializer
c
Int
18
Int
self_dispatch
18
doh
0
initializer
d
Object
20
Int
self_dispatch
20
printh
0
Bazz
3
initializer
h
Int
37
Int
integer
1
initializer
g
Foo
39
Foo
case
39
SELF_TYPE
identifier
39
self
4
40
n
40
Bazz
40
Foo
new
40
Foo
41
n
41
Razz
41
Bar
new
41
Bar
42
n
42
Foo
42
Razz
new
42
Razz
43
n
43
Bar
43
Bar
identifier
43
n
initializer
i
Object
46
Int
self_dispatch
46
printh
0
Bool
0
Foo
5
initializer
h
Int
37
Int
integer
1
initializer
g
Foo
39
Foo
case
39
SELF_TYPE
identifier
39
self
4
40
n
40
Bazz
40
Foo
new
40
Foo
41
n
41
Razz
41
Bar
new
41
Bar
42
n
42
Foo
42
Razz
new
42
Razz
43
n
43
Bar
43
Bar
identifier
43
n
initializer
i
Object
46
Int
self_dispatch
46
printh
0
initializer
a
Razz
4
Razz
case
4
SELF_TYPE
identifier
4
self
3
5
n
5
Razz
5
Bar
new
5
Bar
6
n
6
Foo
6
Razz
new
6
Razz
7
n
7
Bar
7
Bar
identifier
7
n
initializer
b
Int
10
Int
plus
10
Int
plus
10
Int
plus
10
Int
dynamic_dispatch
10
Razz
identifier
10
a
10
doh
0
10
Int
dynamic_dispatch
10
Foo
identifier
10
g
10
doh
0
10
Int
self_dispatch
10
doh
0
10
Int
self_dispatch
10
printh
0
IO
0
Int
0
Main
4
initializer
a
Bazz
55
Bazz
new
55
Bazz
initializer
b
Foo
56
Foo
new
56
Foo
initializer
c
Razz
57
Razz
new
57
Razz
initializer
d
Bar
58
Bar
new
58
Bar
Object
0
Razz
7
initializer
h
Int
37
Int
integer
1
initializer
g
Foo
39
Foo
case
39
SELF_TYPE
identifier
39
self
4
40
n
40
Bazz
40
Foo
new
40
Foo
41
n
41
Razz
41
Bar
new
41
Bar
42
n
42
Foo
42
Razz
new
42
Razz
43
n
43
Bar
43
Bar
identifier
43
n
initializer
i
Object
46
Int
self_dispatch
46
printh
0
initializer
a
Razz
4
Razz
case
4
SELF_TYPE
identifier
4
self
3
5
n
5
Razz
5
Bar
new
5
Bar
6
n
6
Foo
6
Razz
new
6
Razz
7
n
7
Bar
7
Bar
identifier
7
n
initializer
b
Int
10
Int
plus
10
Int
plus
10
Int
plus
10
Int
dynamic_dispatch
10
Razz
identifier
10
a
10
doh
0
10
Int
dynamic_dispatch
10
Foo
identifier
10
g
10
doh
0
10
Int
self_dispatch
10
doh
0
10
Int
self_dispatch
10
printh
0
initializer
e
Bar
26
Bar
case
26
SELF_TYPE
identifier
26
self
2
27
n
27
Razz
27
Bar
new
27
Bar
28
n
28
Bar
28
Bar
identifier
28
n
initializer
f
Int
31
Int
plus
31
Int
plus
31
Int
plus
31
Int
plus
31
Int
static_dispatch
31
Razz
identifier
31
a
31
Bazz
31
doh
0
31
Int
dynamic_dispatch
31
Foo
identifier
31
g
31
doh
0
31
Int
dynamic_dispatch
31
Bar
identifier
31
e
31
doh
0
31
Int
self_dispatch
31
doh
0
31
Int
self_dispatch
31
printh
0
String
0
implementation_map
10
Bar
9
abort
0
Object
0
Object
internal
Object.abort
copy
0
Object
0
SELF_TYPE
internal
Object.copy
type_name
0
Object
0
String
internal
Object.type_name
in_int
0
IO
0
Int
internal
IO.in_int
in_string
0
IO
0
String
internal
IO.in_string
out_int
1
x
IO
0
SELF_TYPE
internal
IO.out_int
out_string
1
x
IO
0
SELF_TYPE
internal
IO.out_string
printh
0
Bazz
48
Int
block
2
48
SELF_TYPE
self_dispatch
48
out_int
1
48
Int
identifier
48
h
48
Int
integer
0
doh
0
Foo
12
Int
let
1
let_binding_init
12
i
12
Int
12
Int
identifier
12
h
12
Int
block
2
12
Int
assign
12
h
12
Int
plus
12
Int
identifier
12
h
12
Int
integer
2
12
Int
identifier
12
i
Bazz
9
abort
0
Object
0
Object
internal
Object.abort
copy
0
Object
0
SELF_TYPE
internal
Object.copy
type_name
0
Object
0
String
internal
Object.type_name
in_int
0
IO
0
Int
internal
IO.in_int
in_string
0
IO
0
String
internal
IO.in_string
out_int
1
x
IO
0
SELF_TYPE
internal
IO.out_int
out_string
1
x
IO
0
SELF_TYPE
internal
IO.out_string
printh
0
Bazz
48
Int
block
2
48
SELF_TYPE
self_dispatch
48
out_int
1
48
Int
identifier
48
h
48
Int
integer
0
doh
0
Bazz
50
Int
let
1
let_binding_init
50
i
50
Int
50
Int
identifier
50
h
50
Int
block
2
50
Int
assign
50
h
50
Int
plus
50
Int
identifier
50
h
50
Int
integer
1
50
Int
identifier
50
i
Bool
3
abort
0
Object
0
Object
internal
Object.abort
copy
0
Object
0
SELF_TYPE
internal
Object.copy
type_name
0
Object
0
String
internal
Object.type_name
Foo
9
abort
0
Object
0
Object
internal
Object.abort
copy
0
Object
0
SELF_TYPE
internal
Object.copy
type_name
0
Object
0
String
internal
Object.type_name
in_int
0
IO
0
Int
internal
IO.in_int
in_string
0
IO
0
String
internal
IO.in_string
out_int
1
x
IO
0
SELF_TYPE
internal
IO.out_int
out_string
1
x
IO
0
SELF_TYPE
internal
IO.out_string
printh
0
Bazz
48
Int
block
2
48
SELF_TYPE
self_dispatch
48
out_int
1
48
Int
identifier
48
h
48
Int
integer
0
doh
0
Foo
12
Int
let
1
let_binding_init
12
i
12
Int
12
Int
identifier
12
h
12
Int
block
2
12
Int
assign
12
h
12
Int
plus
12
Int
identifier
12
h
12
Int
integer
2
12
Int
identifier
12
i
IO
7
abort
0
Object
0
Object
internal
Object.abort
copy
0
Object
0
SELF_TYPE
internal
Object.copy
type_name
0
Object
0
String
internal
Object.type_name
in_int
0
IO
0
Int
internal
IO.in_int
in_string
0
IO
0
String
internal
IO.in_string
out_int
1
x
IO
0
SELF_TYPE
internal
IO.out_int
out_string
1
x
IO
0
SELF_TYPE
internal
IO.out_string
Int
3
abort
0
Object
0
Object
internal
Object.abort
copy
0
Object
0
SELF_TYPE
internal
Object.copy
type_name
0
Object
0
String
internal
Object.type_name
Main
8
abort
0
Object
0
Object
internal
Object.abort
copy
0
Object
0
SELF_TYPE
internal
Object.copy
type_name
0
Object
0
String
internal
Object.type_name
in_int
0
IO
0
Int
internal
IO.in_int
in_string
0
IO
0
String
internal
IO.in_string
out_int
1
x
IO
0
SELF_TYPE
internal
IO.out_int
out_string
1
x
IO
0
SELF_TYPE
internal
IO.out_string
main
0
Main
60
String
block
2
60
SELF_TYPE
self_dispatch
60
out_string
1
60
String
string
\n
60
String
string
do nothing
Object
3
abort
0
Object
0
Object
internal
Object.abort
copy
0
Object
0
SELF_TYPE
internal
Object.copy
type_name
0
Object
0
String
internal
Object.type_name
Razz
9
abort
0
Object
0
Object
internal
Object.abort
copy
0
Object
0
SELF_TYPE
internal
Object.copy
type_name
0
Object
0
String
internal
Object.type_name
in_int
0
IO
0
Int
internal
IO.in_int
in_string
0
IO
0
String
internal
IO.in_string
out_int
1
x
IO
0
SELF_TYPE
internal
IO.out_int
out_string
1
x
IO
0
SELF_TYPE
internal
IO.out_string
printh
0
Bazz
48
Int
block
2
48
SELF_TYPE
self_dispatch
48
out_int
1
48
Int
identifier
48
h
48
Int
integer
0
doh
0
Foo
12
Int
let
1
let_binding_init
12
i
12
Int
12
Int
identifier
12
h
12
Int
block
2
12
Int
assign
12
h
12
Int
plus
12
Int
identifier
12
h
12
Int
integer
2
12
Int
identifier
12
i
String
6
abort
0
Object
0
Object
internal
Object.abort
copy
0
Object
0
SELF_TYPE
internal
Object.copy
type_name
0
Object
0
String
internal
Object.type_name
concat
1
s
String
0
String
internal
String.concat
length
0
String
0
Int
internal
String.length
substr
2
i
l
String
0
String
internal
String.substr
